This is pdfTeX, Version 3.14159265-2.6-1.40.21 (MiKTeX 20.11) (preloaded format=pdflatex 2020.11.21)  3 DEC 2021 17:52
entering extended mode
**./project_writeup.tex
(project_writeup.tex
LaTeX2e <2020-10-01> patch level 2
L3 programming layer <2020-10-27> xparse <2020-03-03>
("C:\Program Files\MiKTeX\tex/latex/base\article.cls"
Document Class: article 2020/04/10 v1.4m Standard LaTeX document class
("C:\Program Files\MiKTeX\tex/latex/base\size12.clo"
File: size12.clo 2020/04/10 v1.4m Standard LaTeX file (size option)
)
\c@part=\count175
\c@section=\count176
\c@subsection=\count177
\c@subsubsection=\count178
\c@paragraph=\count179
\c@subparagraph=\count180
\c@figure=\count181
\c@table=\count182
\abovecaptionskip=\skip47
\belowcaptionskip=\skip48
\bibindent=\dimen138
)
("C:\Program Files\MiKTeX\tex/latex/amsmath\amsmath.sty"
Package: amsmath 2020/09/23 v2.17i AMS math features
\@mathmargin=\skip49

For additional information on amsmath, use the `?' option.
("C:\Program Files\MiKTeX\tex/latex/amsmath\amstext.sty"
Package: amstext 2000/06/29 v2.01 AMS text

("C:\Program Files\MiKTeX\tex/latex/amsmath\amsgen.sty"
File: amsgen.sty 1999/11/30 v2.0 generic functions
\@emptytoks=\toks15
\ex@=\dimen139
))
("C:\Program Files\MiKTeX\tex/latex/amsmath\amsbsy.sty"
Package: amsbsy 1999/11/29 v1.2d Bold Symbols
\pmbraise@=\dimen140
)
("C:\Program Files\MiKTeX\tex/latex/amsmath\amsopn.sty"
Package: amsopn 2016/03/08 v2.02 operator names
)
\inf@bad=\count183
LaTeX Info: Redefining \frac on input line 234.
\uproot@=\count184
\leftroot@=\count185
LaTeX Info: Redefining \overline on input line 399.
\classnum@=\count186
\DOTSCASE@=\count187
LaTeX Info: Redefining \ldots on input line 496.
LaTeX Info: Redefining \dots on input line 499.
LaTeX Info: Redefining \cdots on input line 620.
\Mathstrutbox@=\box47
\strutbox@=\box48
\big@size=\dimen141
LaTeX Font Info:    Redeclaring font encoding OML on input line 743.
LaTeX Font Info:    Redeclaring font encoding OMS on input line 744.
\macc@depth=\count188
\c@MaxMatrixCols=\count189
\dotsspace@=\muskip16
\c@parentequation=\count190
\dspbrk@lvl=\count191
\tag@help=\toks16
\row@=\count192
\column@=\count193
\maxfields@=\count194
\andhelp@=\toks17
\eqnshift@=\dimen142
\alignsep@=\dimen143
\tagshift@=\dimen144
\tagwidth@=\dimen145
\totwidth@=\dimen146
\lineht@=\dimen147
\@envbody=\toks18
\multlinegap=\skip50
\multlinetaggap=\skip51
\mathdisplay@stack=\toks19
LaTeX Info: Redefining \[ on input line 2923.
LaTeX Info: Redefining \] on input line 2924.
)
("C:\Program Files\MiKTeX\tex/latex/amscls\amsthm.sty"
Package: amsthm 2020/05/29 v2.20.6
\thm@style=\toks20
\thm@bodyfont=\toks21
\thm@headfont=\toks22
\thm@notefont=\toks23
\thm@headpunct=\toks24
\thm@preskip=\skip52
\thm@postskip=\skip53
\thm@headsep=\skip54
\dth@everypar=\toks25
)
("C:\Program Files\MiKTeX\tex/latex/amsfonts\amssymb.sty"
Package: amssymb 2013/01/14 v3.01 AMS font symbols

("C:\Program Files\MiKTeX\tex/latex/amsfonts\amsfonts.sty"
Package: amsfonts 2013/01/14 v3.01 Basic AMSFonts support
\symAMSa=\mathgroup4
\symAMSb=\mathgroup5
LaTeX Font Info:    Redeclaring math symbol \hbar on input line 98.
LaTeX Font Info:    Overwriting math alphabet `\mathfrak' in version `bold'
(Font)                  U/euf/m/n --> U/euf/b/n on input line 106.
))
("C:\Program Files\MiKTeX\tex/latex/enumitem\enumitem.sty"
Package: enumitem 2019/06/20 v3.9 Customized lists
\enitkv@toks@=\toks26
\labelindent=\skip55
\enit@outerparindent=\dimen148
\enit@toks=\toks27
\enit@inbox=\box49
\enit@count@id=\count195
\enitdp@description=\count196
)
("C:\Program Files\MiKTeX\tex/latex/geometry\geometry.sty"
Package: geometry 2020/01/02 v5.9 Page Geometry

("C:\Program Files\MiKTeX\tex/latex/graphics\keyval.sty"
Package: keyval 2014/10/28 v1.15 key=value parser (DPC)
\KV@toks@=\toks28
)
("C:\Program Files\MiKTeX\tex/generic/iftex\ifvtex.sty"
Package: ifvtex 2019/10/25 v1.7 ifvtex legacy package. Use iftex instead.

("C:\Program Files\MiKTeX\tex/generic/iftex\iftex.sty"
Package: iftex 2020/03/06 v1.0d TeX engine tests
))
\Gm@cnth=\count197
\Gm@cntv=\count198
\c@Gm@tempcnt=\count199
\Gm@bindingoffset=\dimen149
\Gm@wd@mp=\dimen150
\Gm@odd@mp=\dimen151
\Gm@even@mp=\dimen152
\Gm@layoutwidth=\dimen153
\Gm@layoutheight=\dimen154
\Gm@layouthoffset=\dimen155
\Gm@layoutvoffset=\dimen156
\Gm@dimlist=\toks29

("C:\Program Files\MiKTeX\tex/latex/geometry\geometry.cfg"))
("C:\Program Files\MiKTeX\tex/latex/setspace\setspace.sty"
Package: setspace 2011/12/19 v6.7a set line spacing
)
("C:\Program Files\MiKTeX\tex/latex/graphics\graphicx.sty"
Package: graphicx 2020/09/09 v1.2b Enhanced LaTeX Graphics (DPC,SPQR)

("C:\Program Files\MiKTeX\tex/latex/graphics\graphics.sty"
Package: graphics 2020/08/30 v1.4c Standard LaTeX Graphics (DPC,SPQR)

("C:\Program Files\MiKTeX\tex/latex/graphics\trig.sty"
Package: trig 2016/01/03 v1.10 sin cos tan (DPC)
)
("C:\Program Files\MiKTeX\tex/latex/graphics-cfg\graphics.cfg"
File: graphics.cfg 2016/06/04 v1.11 sample graphics configuration
)
Package graphics Info: Driver file: pdftex.def on input line 105.

("C:\Program Files\MiKTeX\tex/latex/graphics-def\pdftex.def"
File: pdftex.def 2020/10/05 v1.2a Graphics/color driver for pdftex
))
\Gin@req@height=\dimen157
\Gin@req@width=\dimen158
)
("C:\Program Files\MiKTeX\tex/latex/pdfpages\pdfpages.sty"
Package: pdfpages 2021/03/06 v0.5t Insert pages of external PDF documents (AM)

("C:\Program Files\MiKTeX\tex/latex/base\ifthen.sty"
Package: ifthen 2014/09/29 v1.1c Standard LaTeX ifthen package (DPC)
)
("C:\Program Files\MiKTeX\tex/latex/tools\calc.sty"
Package: calc 2017/05/25 v4.3 Infix arithmetic (KKT,FJ)
\calc@Acount=\count266
\calc@Bcount=\count267
\calc@Adimen=\dimen159
\calc@Bdimen=\dimen160
\calc@Askip=\skip56
\calc@Bskip=\skip57
LaTeX Info: Redefining \setlength on input line 80.
LaTeX Info: Redefining \addtolength on input line 81.
\calc@Ccount=\count268
\calc@Cskip=\skip58
)
("C:\Program Files\MiKTeX\tex/latex/eso-pic\eso-pic.sty"
Package: eso-pic 2020/10/14 v3.0a eso-pic (RN)
\ESO@tempdima=\dimen161
\ESO@tempdimb=\dimen162

("C:\Program Files\MiKTeX\tex/latex/xcolor\xcolor.sty"
Package: xcolor 2016/05/11 v2.12 LaTeX color extensions (UK)

("C:\Program Files\MiKTeX\tex/latex/graphics-cfg\color.cfg"
File: color.cfg 2016/01/02 v1.6 sample color configuration
)
Package xcolor Info: Driver file: pdftex.def on input line 225.
Package xcolor Info: Model `cmy' substituted by `cmy0' on input line 1348.
Package xcolor Info: Model `hsb' substituted by `rgb' on input line 1352.
Package xcolor Info: Model `RGB' extended on input line 1364.
Package xcolor Info: Model `HTML' substituted by `rgb' on input line 1366.
Package xcolor Info: Model `Hsb' substituted by `hsb' on input line 1367.
Package xcolor Info: Model `tHsb' substituted by `hsb' on input line 1368.
Package xcolor Info: Model `HSB' substituted by `hsb' on input line 1369.
Package xcolor Info: Model `Gray' substituted by `gray' on input line 1370.
Package xcolor Info: Model `wave' substituted by `hsb' on input line 1371.
))
\AM@pagewidth=\dimen163
\AM@pageheight=\dimen164
\AM@fboxrule=\dimen165

("C:\Program Files\MiKTeX\tex/latex/pdfpages\pppdftex.def"
File: pppdftex.def 2021/03/06 v0.5t Pdfpages driver for pdfTeX (AM)
)
\pdfpages@includegraphics@status=\count269
\AM@pagebox=\box50
\AM@global@opts=\toks30
\AM@pagecnt=\count270
\AM@toc@title=\toks31
\c@AM@survey=\count271
\AM@templatesizebox=\box51
)
("C:\Program Files\MiKTeX\tex/latex/l3backend\l3backend-pdftex.def"
File: l3backend-pdftex.def 2020-09-24 L3 backend support: PDF output (pdfTeX)
\l__kernel_color_stack_int=\count272
\l__pdf_internal_box=\box52
)
(project_writeup.aux)
\openout1 = `project_writeup.aux'.

LaTeX Font Info:    Checking defaults for OML/cmm/m/it on input line 14.
LaTeX Font Info:    ... okay on input line 14.
LaTeX Font Info:    Checking defaults for OMS/cmsy/m/n on input line 14.
LaTeX Font Info:    ... okay on input line 14.
LaTeX Font Info:    Checking defaults for OT1/cmr/m/n on input line 14.
LaTeX Font Info:    ... okay on input line 14.
LaTeX Font Info:    Checking defaults for T1/cmr/m/n on input line 14.
LaTeX Font Info:    ... okay on input line 14.
LaTeX Font Info:    Checking defaults for TS1/cmr/m/n on input line 14.
LaTeX Font Info:    ... okay on input line 14.
LaTeX Font Info:    Checking defaults for OMX/cmex/m/n on input line 14.
LaTeX Font Info:    ... okay on input line 14.
LaTeX Font Info:    Checking defaults for U/cmr/m/n on input line 14.
LaTeX Font Info:    ... okay on input line 14.

*geometry* driver: auto-detecting
*geometry* detected driver: pdftex
*geometry* verbose mode - [ preamble ] result:
* driver: pdftex
* paper: <default>
* layout: <same size as paper>
* layoutoffset:(h,v)=(0.0pt,0.0pt)
* modes: 
* h-part:(L,W,R)=(71.13188pt, 472.03123pt, 71.13188pt)
* v-part:(T,H,B)=(71.13188pt, 652.70622pt, 71.13188pt)
* \paperwidth=614.295pt
* \paperheight=794.96999pt
* \textwidth=472.03123pt
* \textheight=652.70622pt
* \oddsidemargin=-1.1381pt
* \evensidemargin=-1.1381pt
* \topmargin=-38.1381pt
* \headheight=12.0pt
* \headsep=25.0pt
* \topskip=12.0pt
* \footskip=30.0pt
* \marginparwidth=44.0pt
* \marginparsep=10.0pt
* \columnsep=10.0pt
* \skip\footins=10.8pt plus 4.0pt minus 2.0pt
* \hoffset=0.0pt
* \voffset=0.0pt
* \mag=1000
* \@twocolumnfalse
* \@twosidefalse
* \@mparswitchfalse
* \@reversemarginfalse
* (1in=72.27pt=25.4mm, 1cm=28.453pt)

("C:\Program Files\MiKTeX\tex/context/base/mkii\supp-pdf.mkii"
[Loading MPS to PDF converter (version 2006.09.02).]
\scratchcounter=\count273
\scratchdimen=\dimen166
\scratchbox=\box53
\nofMPsegments=\count274
\nofMParguments=\count275
\everyMPshowfont=\toks32
\MPscratchCnt=\count276
\MPscratchDim=\dimen167
\MPnumerator=\count277
\makeMPintoPDFobject=\count278
\everyMPtoPDFconversion=\toks33
) ("C:\Program Files\MiKTeX\tex/latex/epstopdf-pkg\epstopdf-base.sty"
Package: epstopdf-base 2020-01-24 v2.11 Base part for package epstopdf
Package epstopdf-base Info: Redefining graphics rule for `.eps' on input line 4
85.
)
("C:\Program Files\MiKTeX\tex/latex/pdflscape\pdflscape.sty"
Package: pdflscape 2019/12/05 v0.12 Display of landscape pages in PDF (HO)

("C:\Program Files\MiKTeX\tex/latex/graphics\lscape.sty"
Package: lscape 2020/05/28 v3.02 Landscape Pages (DPC)
)
Package pdflscape Info: Auto-detected driver: pdftex on input line 81.
)
<a31.png, id=1, 322.806pt x 94.55325pt>
File: a31.png Graphic file (type png)
<use a31.png>
Package pdftex.def Info: a31.png  used on input line 18.
(pdftex.def)             Requested size: 258.24515pt x 75.64268pt.
LaTeX Font Info:    Trying to load font information for U+msa on input line 19.


("C:\Program Files\MiKTeX\tex/latex/amsfonts\umsa.fd"
File: umsa.fd 2013/01/14 v3.01 AMS symbols A
)
LaTeX Font Info:    Trying to load font information for U+msb on input line 19.


("C:\Program Files\MiKTeX\tex/latex/amsfonts\umsb.fd"
File: umsb.fd 2013/01/14 v3.01 AMS symbols B
)
<a31(2).png, id=3, 326.4195pt x 30.71475pt>
File: a31(2).png Graphic file (type png)
<use a31(2).png>
Package pdftex.def Info: a31(2).png  used on input line 20.
(pdftex.def)             Requested size: 261.13594pt x 24.57181pt.
<a33.png, id=4, 224.037pt x 95.1555pt>
File: a33.png Graphic file (type png)
<use a33.png>
Package pdftex.def Info: a33.png  used on input line 24.
(pdftex.def)             Requested size: 179.22983pt x 76.12448pt.
<a35.png, id=5, 462.528pt x 346.896pt>
File: a35.png Graphic file (type png)
<use a35.png>
Package pdftex.def Info: a35.png  used on input line 27.
(pdftex.def)             Requested size: 231.26343pt x 173.44757pt.
 [1

{C:/Users/megan/AppData/Local/MiKTeX/pdftex/config/pdftex.map} <./a31.png> <./a
31(2).png> <./a33.png> <./a35.png>] [2]
<b2.jpg, id=20, 939.51pt x 602.25pt>
File: b2.jpg Graphic file (type jpg)
<use b2.jpg>
Package pdftex.def Info: b2.jpg  used on input line 49.
(pdftex.def)             Requested size: 469.75385pt x 301.12425pt.
 [3]
<b31.png, id=29, 285.4665pt x 33.12375pt>
File: b31.png Graphic file (type png)
<use b31.png>
Package pdftex.def Info: b31.png  used on input line 53.
(pdftex.def)             Requested size: 285.46579pt x 33.12366pt.
<b32(2).png, id=30, 462.528pt x 346.896pt>
File: b32(2).png Graphic file (type png)
<use b32(2).png>
Package pdftex.def Info: b32(2).png  used on input line 56.
(pdftex.def)             Requested size: 231.26343pt x 173.44757pt.
<b33c.png, id=31, 462.528pt x 346.896pt>
File: b33c.png Graphic file (type png)
<use b33c.png>
Package pdftex.def Info: b33c.png  used on input line 56.
(pdftex.def)             Requested size: 231.26343pt x 173.44757pt.
<b33a.png, id=32, 168.63pt x 41.55525pt>
File: b33a.png Graphic file (type png)
<use b33a.png>
Package pdftex.def Info: b33a.png  used on input line 59.
(pdftex.def)             Requested size: 168.62958pt x 41.55513pt.
<b33b.png, id=33, 213.1965pt x 41.55525pt>
File: b33b.png Graphic file (type png)
<use b33b.png>
Package pdftex.def Info: b33b.png  used on input line 59.
(pdftex.def)             Requested size: 213.19597pt x 41.55513pt.

Underfull \hbox (badness 10000) in paragraph at lines 52--60

 []

[4 <./b2.jpg> <./b31.png (PNG copy)>]
Underfull \hbox (badness 10000) in paragraph at lines 64--66

 []

[5 <./b32(2).png> <./b33c.png> <./b33a.png (PNG copy)> <./b33b.png (PNG copy)>]
[6] [7] (project_writeup.aux) ) 
Here is how much of TeX's memory you used:
 4595 strings out of 479799
 63109 string characters out of 2879598
 349251 words of memory out of 3000000
 21530 multiletter control sequences out of 15000+200000
 541598 words of font info for 53 fonts, out of 3000000 for 9000
 1141 hyphenation exceptions out of 8191
 66i,5n,72p,838b,122s stack positions out of 5000i,500n,10000p,200000b,50000s
<C:/Program Files/MiKTeX/fonts/type1/public/amsf
onts/cm/cmbx12.pfb><C:/Program Files/MiKTeX/fonts/type1/public/amsfonts/cm/cmex
10.pfb><C:/Program Files/MiKTeX/fonts/type1/public/amsfonts/cm/cmmi12.pfb><C:/P
rogram Files/MiKTeX/fonts/type1/public/amsfonts/cm/cmmi8.pfb><C:/Program Files/
MiKTeX/fonts/type1/public/amsfonts/cm/cmr12.pfb><C:/Program Files/MiKTeX/fonts/
type1/public/amsfonts/cm/cmr8.pfb><C:/Program Files/MiKTeX/fonts/type1/public/a
msfonts/cm/cmsy10.pfb><C:/Program Files/MiKTeX/fonts/type1/public/amsfonts/cm/c
msy8.pfb><C:/Program Files/MiKTeX/fonts/type1/public/amsfonts/cm/cmti12.pfb>
Output written on project_writeup.pdf (7 pages, 346685 bytes).
PDF statistics:
 79 PDF objects out of 1000 (max. 8388607)
 0 named destinations out of 1000 (max. 500000)
 51 words of extra memory for PDF output out of 10000 (max. 10000000)

